#
# A fatal error has been detected by the Java Runtime Environment:
#
#  Internal Error (adfiles/ad_x86_64.hpp:4508), pid=7356, tid=0x0000000000001558
#  Error: ShouldNotReachHere()
#
# JRE version: OpenJDK Runtime Environment (8.0_152-b01) (build 1.8.0_152-release-1343-b01)
# Java VM: OpenJDK 64-Bit Server VM (25.152-b01 mixed mode windows-amd64 compressed oops)
# Failed to write core dump. Minidumps are not enabled by default on client versions of Windows
#
# If you would like to submit a bug report, please visit:
#   http://bugreport.java.com/bugreport/crash.jsp
#

---------------  T H R E A D  ---------------

Current thread (0x0000000057a25000):  JavaThread "C2 CompilerThread0" daemon [_thread_in_native, id=5464, stack(0x0000000058160000,0x0000000058260000)]

Stack: [0x0000000058160000,0x0000000058260000]
[error occurred during error reporting (printing stack bounds), id 0xc0000005]

Native frames: (J=compiled Java code, j=interpreted, Vv=VM code, C=native code)


Current CompileTask:
C2: 884456 19293       4       org.gradle.api.internal.artifacts.ivyservice.resolveengine.artifact.ArtifactBackedResolvedVariant$SingleArtifactSet::visit (39 bytes)


---------------  P R O C E S S  ---------------

Java Threads: ( => current thread )
  0x000000005e84f000 JavaThread "Cache worker for Java compile cache (D:\Android\workspace\Projects\Scannerapp\SLCEZinstallscanner\.gradle\5.1.1\javaCompile)" [_thread_blocked, id=4144, stack(0x0000000067110000,0x0000000067210000)]
  0x000000005e850800 JavaThread "Cache worker for execution history cache (D:\Android\workspace\Projects\Scannerapp\SLCEZinstallscanner\.gradle\5.1.1\executionHistory)" [_thread_blocked, id=1872, stack(0x0000000064870000,0x0000000064970000)]
  0x000000005e852000 JavaThread "Execution worker for ':' Thread 3" [_thread_blocked, id=7476, stack(0x0000000066a00000,0x0000000066b00000)]
  0x000000005e853800 JavaThread "Execution worker for ':' Thread 2" [_thread_in_native, id=2956, stack(0x0000000063ca0000,0x0000000063da0000)]
  0x000000005e853000 JavaThread "Execution worker for ':'" [_thread_blocked, id=5984, stack(0x0000000063ed0000,0x0000000063fd0000)]
  0x0000000059dfd000 JavaThread "Cache worker for file content cache (D:\Android\workspace\Projects\Scannerapp\SLCEZinstallscanner\.gradle\5.1.1\fileContent)" [_thread_blocked, id=4748, stack(0x0000000063b80000,0x0000000063c80000)]
  0x0000000059dfb800 JavaThread "Cache worker for Build Output Cleanup Cache (D:\Android\workspace\Projects\Scannerapp\SLCEZinstallscanner\.gradle\buildOutputCleanup)" [_thread_blocked, id=5968, stack(0x0000000063670000,0x0000000063770000)]
  0x0000000059df5800 JavaThread "pool-6-thread-1" [_thread_blocked, id=6556, stack(0x0000000063510000,0x0000000063610000)]
  0x0000000059df6800 JavaThread "Build operations Thread 4" [_thread_blocked, id=6220, stack(0x00000000633d0000,0x00000000634d0000)]
  0x0000000059dee800 JavaThread "Build operations Thread 3" [_thread_blocked, id=6664, stack(0x0000000063260000,0x0000000063360000)]
  0x0000000059dfa000 JavaThread "Build operations Thread 2" [_thread_blocked, id=6896, stack(0x0000000063150000,0x0000000063250000)]
  0x0000000059df8800 JavaThread "Build operations" [_thread_blocked, id=7460, stack(0x00000000612e0000,0x00000000613e0000)]
  0x0000000059df9800 JavaThread "Cache worker for cache directory md-rule (C:\Users\vrajesh.EXCHANGE\.gradle\caches\5.1.1\md-rule)" [_thread_blocked, id=7420, stack(0x0000000060e10000,0x0000000060f10000)]
  0x0000000059dfb000 JavaThread "Cache worker for cache directory md-supplier (C:\Users\vrajesh.EXCHANGE\.gradle\caches\5.1.1\md-supplier)" [_thread_blocked, id=7856, stack(0x000000005aaa0000,0x000000005aba0000)]
  0x000000005d07b800 JavaThread "Cache worker for file hash cache (D:\Android\workspace\Projects\Scannerapp\SLCEZinstallscanner\.gradle\5.1.1\fileHashes)" [_thread_blocked, id=6700, stack(0x0000000060cd0000,0x0000000060dd0000)]
  0x000000005d07b000 JavaThread "Thread-35" [_thread_blocked, id=7652, stack(0x000000005d6a0000,0x000000005d7a0000)]
  0x000000005d07a000 JavaThread "Stdin handler" [_thread_blocked, id=7804, stack(0x0000000058030000,0x0000000058130000)]
  0x000000005d079800 JavaThread "Asynchronous log dispatcher for DefaultDaemonConnection: socket connection from /127.0.0.1:61574 to /127.0.0.1:61699" [_thread_blocked, id=7132, stack(0x000000005c260000,0x000000005c360000)]
  0x000000005d078800 JavaThread "Daemon worker Thread 2" [_thread_blocked, id=7312, stack(0x000000005af20000,0x000000005b020000)]
  0x000000005d076800 JavaThread "Cancel handler" [_thread_blocked, id=7956, stack(0x000000005ae10000,0x000000005af10000)]
  0x000000005d078000 JavaThread "Handler for socket connection from /127.0.0.1:61574 to /127.0.0.1:61699" [_thread_in_native, id=5980, stack(0x000000005ad10000,0x000000005ae10000)]
  0x000000005d075800 JavaThread "Daemon Thread 2" [_thread_blocked, id=7852, stack(0x000000005a740000,0x000000005a840000)]
  0x000000005e856000 JavaThread "Cache worker for Java compile cache (C:\Users\vrajesh.EXCHANGE\.gradle\caches\5.1.1\javaCompile)" [_thread_blocked, id=7940, stack(0x0000000063db0000,0x0000000063eb0000)]
  0x000000005bde5000 JavaThread "Cache worker for file content cache (C:\Users\vrajesh.EXCHANGE\.gradle\caches\5.1.1\fileContent)" [_thread_blocked, id=1076, stack(0x0000000062ba0000,0x0000000062ca0000)]
  0x000000005bde1000 JavaThread "Memory manager" [_thread_blocked, id=2244, stack(0x00000000611e0000,0x00000000612e0000)]
  0x0000000059df7000 JavaThread "Cache worker for execution history cache (C:\Users\vrajesh.EXCHANGE\.gradle\caches\5.1.1\executionHistory)" [_thread_blocked, id=7536, stack(0x0000000060730000,0x0000000060830000)]
  0x0000000059dee000 JavaThread "Cache worker for journal cache (C:\Users\vrajesh.EXCHANGE\.gradle\caches\journal-1)" [_thread_blocked, id=4172, stack(0x000000005c3d0000,0x000000005c4d0000)]
  0x0000000059dd2800 JavaThread "File lock request listener" [_thread_in_native, id=6384, stack(0x000000005abd0000,0x000000005acd0000)]
  0x0000000059dd1800 JavaThread "Cache worker for file hash cache (C:\Users\vrajesh.EXCHANGE\.gradle\caches\5.1.1\fileHashes)" [_thread_blocked, id=7860, stack(0x000000005c130000,0x000000005c230000)]
  0x0000000059c4f800 JavaThread "Daemon periodic checks" [_thread_blocked, id=5936, stack(0x000000005a390000,0x000000005a490000)]
  0x0000000059bca800 JavaThread "Incoming local TCP Connector on port 61574" [_thread_in_native, id=1788, stack(0x000000005a210000,0x000000005a310000)]
  0x0000000057aa4000 JavaThread "Service Thread" daemon [_thread_blocked, id=7444, stack(0x0000000057e20000,0x0000000057f20000)]
  0x0000000056367800 JavaThread "C1 CompilerThread2" daemon [_thread_in_vm, id=7152, stack(0x0000000058490000,0x0000000058590000)]
  0x0000000057a2c000 JavaThread "C2 CompilerThread1" daemon [_thread_blocked, id=7144, stack(0x0000000058350000,0x0000000058450000)]
=>0x0000000057a25000 JavaThread "C2 CompilerThread0" daemon [_thread_in_native, id=5464, stack(0x0000000058160000,0x0000000058260000)]
  0x0000000057a22800 JavaThread "Attach Listener" daemon [_thread_blocked, id=7388, stack(0x0000000057f30000,0x0000000058030000)]
  0x0000000056364000 JavaThread "Signal Dispatcher" daemon [_thread_blocked, id=4468, stack(0x0000000057390000,0x0000000057490000)]
  0x000000005634a000 JavaThread "Finalizer" daemon [_thread_blocked, id=7964, stack(0x0000000057920000,0x0000000057a20000)]
  0x0000000056301000 JavaThread "Reference Handler" daemon [_thread_blocked, id=2408, stack(0x0000000057690000,0x0000000057790000)]
  0x00000000023ae800 JavaThread "main" [_thread_blocked, id=6160, stack(0x0000000002420000,0x0000000002520000)]

Other Threads:
  0x00000000562f9800 VMThread [stack: 0x00000000574a0000,0x00000000575a0000] [id=7572]
  0x000000005636f000 WatcherThread [stack: 0x00000000585d0000,0x00000000586d0000] [id=7488]

VM state:not at safepoint (normal execution)

VM Mutex/Monitor currently owned by a thread: None

Heap:
 PSYoungGen      total 425472K, used 241104K [0x00000000e0000000, 0x0000000100000000, 0x0000000100000000)
  eden space 367616K, 49% used [0x00000000e0000000,0x00000000eb2f84d8,0x00000000f6700000)
  from space 57856K, 99% used [0x00000000fc480000,0x00000000ffcfbef0,0x00000000ffd00000)
  to   space 78336K, 0% used [0x00000000f6700000,0x00000000f6700000,0x00000000fb380000)
 ParOldGen       total 224256K, used 179694K [0x00000000a0000000, 0x00000000adb00000, 0x00000000e0000000)
  object space 224256K, 80% used [0x00000000a0000000,0x00000000aaf7b958,0x00000000adb00000)
 Metaspace       used 94124K, capacity 98058K, committed 98264K, reserved 1134592K
  class space    used 11981K, capacity 12749K, committed 12760K, reserved 1048576K

Card table byte_map: [0x0000000011bb0000,0x0000000011ec0000] byte_map_base: 0x00000000116b0000

Marking Bits: (ParMarkBitMap*) 0x000000006d375aa0
 Begin Bits: [0x0000000012670000, 0x0000000013e70000)
 End Bits:   [0x0000000013e70000, 0x0000000015670000)

Polling page: 0x00000000001c0000

CodeCache: size=245760Kb used=56793Kb max_used=56801Kb free=188966Kb
 bounds [0x00000000027f0000, 0x0000000005fb0000, 0x00000000117f0000]
 total_blobs=16402 nmethods=15517 adapters=793
 compilation: enabled

Compilation events (10 events):
Event: 884.221 Thread 0x0000000057a2c000 nmethod 19324 0x0000000005f99a90 code [0x0000000005f99be0, 0x0000000005f99d58]
Event: 884.222 Thread 0x0000000057a2c000 19326       4       java.util.stream.ReferencePipeline::forEachWithCancel (20 bytes)
Event: 884.223 Thread 0x0000000057a2c000 nmethod 19326 0x0000000005f99790 code [0x0000000005f998e0, 0x0000000005f99998]
Event: 884.225 Thread 0x0000000057a2c000 19327       4       com.google.common.io.Files::getFileExtension (42 bytes)
Event: 884.231 Thread 0x0000000056367800 19330       3       org.gradle.internal.snapshot.impl.DefaultFileSystemSnapshotter::snapshotDirectoryTree (53 bytes)
Event: 884.231 Thread 0x0000000056367800 nmethod 19330 0x0000000005f97710 code [0x0000000005f978e0, 0x0000000005f97fb8]
Event: 884.231 Thread 0x0000000056367800 19331       3       org.gradle.internal.snapshot.impl.FileSystemSnapshotFilter::filterSnapshot (60 bytes)
Event: 884.232 Thread 0x0000000056367800 nmethod 19331 0x0000000005f98c90 code [0x0000000005f98e40, 0x0000000005f99468]
Event: 884.240 Thread 0x0000000057a2c000 nmethod 19327 0x0000000005f9f950 code [0x0000000005f9fb00, 0x0000000005fa0278]
Event: 884.240 Thread 0x0000000057a2c000 19329       4       org.apache.commons.lang.StringUtils::splitWorker (385 bytes)

GC Heap History (10 events):
Event: 90.760 GC heap before
{Heap before GC invocations=16 (full 3):
 PSYoungGen      total 420352K, used 420328K [0x00000000e0000000, 0x00000000fbe80000, 0x0000000100000000)
  eden space 399872K, 100% used [0x00000000e0000000,0x00000000f8680000,0x00000000f8680000)
  from space 20480K, 99% used [0x00000000faa80000,0x00000000fbe7a198,0x00000000fbe80000)
  to   space 26112K, 0% used [0x00000000f8b80000,0x00000000f8b80000,0x00000000fa500000)
 ParOldGen       total 100864K, used 44117K [0x00000000a0000000, 0x00000000a6280000, 0x00000000e0000000)
  object space 100864K, 43% used [0x00000000a0000000,0x00000000a2b15740,0x00000000a6280000)
 Metaspace       used 72089K, capacity 74456K, committed 74584K, reserved 1114112K
  class space    used 9511K, capacity 10065K, committed 10072K, reserved 1048576K
Event: 90.881 GC heap after
Heap after GC invocations=16 (full 3):
 PSYoungGen      total 431104K, used 26103K [0x00000000e0000000, 0x0000000100000000, 0x0000000100000000)
  eden space 404992K, 0% used [0x00000000e0000000,0x00000000e0000000,0x00000000f8b80000)
  from space 26112K, 99% used [0x00000000f8b80000,0x00000000fa4fde18,0x00000000fa500000)
  to   space 57856K, 0% used [0x00000000fc780000,0x00000000fc780000,0x0000000100000000)
 ParOldGen       total 119808K, used 119743K [0x00000000a0000000, 0x00000000a7500000, 0x00000000e0000000)
  object space 119808K, 99% used [0x00000000a0000000,0x00000000a74eff20,0x00000000a7500000)
 Metaspace       used 72089K, capacity 74456K, committed 74584K, reserved 1114112K
  class space    used 9511K, capacity 10065K, committed 10072K, reserved 1048576K
}
Event: 90.881 GC heap before
{Heap before GC invocations=17 (full 4):
 PSYoungGen      total 431104K, used 26103K [0x00000000e0000000, 0x0000000100000000, 0x0000000100000000)
  eden space 404992K, 0% used [0x00000000e0000000,0x00000000e0000000,0x00000000f8b80000)
  from space 26112K, 99% used [0x00000000f8b80000,0x00000000fa4fde18,0x00000000fa500000)
  to   space 57856K, 0% used [0x00000000fc780000,0x00000000fc780000,0x0000000100000000)
 ParOldGen       total 119808K, used 119743K [0x00000000a0000000, 0x00000000a7500000, 0x00000000e0000000)
  object space 119808K, 99% used [0x00000000a0000000,0x00000000a74eff20,0x00000000a7500000)
 Metaspace       used 72089K, capacity 74456K, committed 74584K, reserved 1114112K
  class space    used 9511K, capacity 10065K, committed 10072K, reserved 1048576K
Event: 91.561 GC heap after
Heap after GC invocations=17 (full 4):
 PSYoungGen      total 431104K, used 15091K [0x00000000e0000000, 0x0000000100000000, 0x0000000100000000)
  eden space 404992K, 0% used [0x00000000e0000000,0x00000000e0000000,0x00000000f8b80000)
  from space 26112K, 57% used [0x00000000f8b80000,0x00000000f9a3cf50,0x00000000fa500000)
  to   space 57856K, 0% used [0x00000000fc780000,0x00000000fc780000,0x0000000100000000)
 ParOldGen       total 224256K, used 119571K [0x00000000a0000000, 0x00000000adb00000, 0x00000000e0000000)
  object space 224256K, 53% used [0x00000000a0000000,0x00000000a74c4fe0,0x00000000adb00000)
 Metaspace       used 72083K, capacity 74438K, committed 74584K, reserved 1114112K
  class space    used 9510K, capacity 10062K, committed 10072K, reserved 1048576K
}
Event: 113.669 GC heap before
{Heap before GC invocations=18 (full 4):
 PSYoungGen      total 431104K, used 420083K [0x00000000e0000000, 0x0000000100000000, 0x0000000100000000)
  eden space 404992K, 100% used [0x00000000e0000000,0x00000000f8b80000,0x00000000f8b80000)
  from space 26112K, 57% used [0x00000000f8b80000,0x00000000f9a3cf50,0x00000000fa500000)
  to   space 57856K, 0% used [0x00000000fc780000,0x00000000fc780000,0x0000000100000000)
 ParOldGen       total 224256K, used 119571K [0x00000000a0000000, 0x00000000adb00000, 0x00000000e0000000)
  object space 224256K, 53% used [0x00000000a0000000,0x00000000a74c4fe0,0x00000000adb00000)
 Metaspace       used 75646K, capacity 78192K, committed 78296K, reserved 1118208K
  class space    used 9821K, capacity 10416K, committed 10456K, reserved 1048576K
Event: 113.780 GC heap after
Heap after GC invocations=18 (full 4):
 PSYoungGen      total 460288K, used 39196K [0x00000000e0000000, 0x0000000100000000, 0x0000000100000000)
  eden space 402432K, 0% used [0x00000000e0000000,0x00000000e0000000,0x00000000f8900000)
  from space 57856K, 67% used [0x00000000fc780000,0x00000000fedc72c8,0x0000000100000000)
  to   space 60928K, 0% used [0x00000000f8900000,0x00000000f8900000,0x00000000fc480000)
 ParOldGen       total 224256K, used 134454K [0x00000000a0000000, 0x00000000adb00000, 0x00000000e0000000)
  object space 224256K, 59% used [0x00000000a0000000,0x00000000a834d998,0x00000000adb00000)
 Metaspace       used 75646K, capacity 78192K, committed 78296K, reserved 1118208K
  class space    used 9821K, capacity 10416K, committed 10456K, reserved 1048576K
}
Event: 872.809 GC heap before
{Heap before GC invocations=19 (full 4):
 PSYoungGen      total 460288K, used 441628K [0x00000000e0000000, 0x0000000100000000, 0x0000000100000000)
  eden space 402432K, 100% used [0x00000000e0000000,0x00000000f8900000,0x00000000f8900000)
  from space 57856K, 67% used [0x00000000fc780000,0x00000000fedc72c8,0x0000000100000000)
  to   space 60928K, 0% used [0x00000000f8900000,0x00000000f8900000,0x00000000fc480000)
 ParOldGen       total 224256K, used 134454K [0x00000000a0000000, 0x00000000adb00000, 0x00000000e0000000)
  object space 224256K, 59% used [0x00000000a0000000,0x00000000a834d998,0x00000000adb00000)
 Metaspace       used 92795K, capacity 96638K, committed 96984K, reserved 1134592K
  class space    used 11899K, capacity 12645K, committed 12760K, reserved 1048576K
Event: 872.885 GC heap after
Heap after GC invocations=19 (full 4):
 PSYoungGen      total 463360K, used 25080K [0x00000000e0000000, 0x00000000ffd00000, 0x0000000100000000)
  eden space 402432K, 0% used [0x00000000e0000000,0x00000000e0000000,0x00000000f8900000)
  from space 60928K, 41% used [0x00000000f8900000,0x00000000fa17e1e0,0x00000000fc480000)
  to   space 57856K, 0% used [0x00000000fc480000,0x00000000fc480000,0x00000000ffd00000)
 ParOldGen       total 224256K, used 150628K [0x00000000a0000000, 0x00000000adb00000, 0x00000000e0000000)
  object space 224256K, 67% used [0x00000000a0000000,0x00000000a93190d0,0x00000000adb00000)
 Metaspace       used 92795K, capacity 96638K, committed 96984K, reserved 1134592K
  class space    used 11899K, capacity 12645K, committed 12760K, reserved 1048576K
}
Event: 880.109 GC heap before
{Heap before GC invocations=20 (full 4):
 PSYoungGen      total 463360K, used 427512K [0x00000000e0000000, 0x00000000ffd00000, 0x0000000100000000)
  eden space 402432K, 100% used [0x00000000e0000000,0x00000000f8900000,0x00000000f8900000)
  from space 60928K, 41% used [0x00000000f8900000,0x00000000fa17e1e0,0x00000000fc480000)
  to   space 57856K, 0% used [0x00000000fc480000,0x00000000fc480000,0x00000000ffd00000)
 ParOldGen       total 224256K, used 150628K [0x00000000a0000000, 0x00000000adb00000, 0x00000000e0000000)
  object space 224256K, 67% used [0x00000000a0000000,0x00000000a93190d0,0x00000000adb00000)
 Metaspace       used 94005K, capacity 97900K, committed 98008K, reserved 1134592K
  class space    used 11978K, capacity 12744K, committed 12760K, reserved 1048576K
Event: 880.199 GC heap after
Heap after GC invocations=20 (full 4):
 PSYoungGen      total 425472K, used 57839K [0x00000000e0000000, 0x0000000100000000, 0x0000000100000000)
  eden space 367616K, 0% used [0x00000000e0000000,0x00000000e0000000,0x00000000f6700000)
  from space 57856K, 99% used [0x00000000fc480000,0x00000000ffcfbef0,0x00000000ffd00000)
  to   space 78336K, 0% used [0x00000000f6700000,0x00000000f6700000,0x00000000fb380000)
 ParOldGen       total 224256K, used 179694K [0x00000000a0000000, 0x00000000adb00000, 0x00000000e0000000)
  object space 224256K, 80% used [0x00000000a0000000,0x00000000aaf7b958,0x00000000adb00000)
 Metaspace       used 94005K, capacity 97900K, committed 98008K, reserved 1134592K
  class space    used 11978K, capacity 12744K, committed 12760K, reserved 1048576K
}

Deoptimization events (10 events):
Event: 880.816 Thread 0x000000005e853800 Uncommon trap: reason=class_check action=maybe_recompile pc=0x0000000004b7bb98 method=com.sun.tools.javac.code.Symbol$ClassSymbol.isSubClass(Lcom/sun/tools/javac/code/Symbol;Lcom/sun/tools/javac/code/Types;)Z @ 55
Event: 881.371 Thread 0x000000005e853800 Uncommon trap: reason=bimorphic action=maybe_recompile pc=0x00000000043c0f1c method=com.sun.tools.javac.code.Types$SameTypeVisitor.visitClassType(Lcom/sun/tools/javac/code/Type$ClassType;Lcom/sun/tools/javac/code/Type;)Ljava/lang/Boolean; @ 324
Event: 881.466 Thread 0x000000005e853800 Uncommon trap: reason=bimorphic action=maybe_recompile pc=0x00000000047c71d0 method=com.sun.tools.javac.code.Types.isSubtypeUncheckedInternal(Lcom/sun/tools/javac/code/Type;Lcom/sun/tools/javac/code/Type;Lcom/sun/tools/javac/util/Warner;)Z @ 37
Event: 881.466 Thread 0x000000005e853800 Uncommon trap: reason=class_check action=maybe_recompile pc=0x0000000004b06f44 method=com.sun.tools.javac.code.Types.closure(Lcom/sun/tools/javac/code/Type;)Lcom/sun/tools/javac/util/List; @ 119
Event: 881.666 Thread 0x000000005e853800 Uncommon trap: reason=speculate_class_check action=maybe_recompile pc=0x0000000004a859c8 method=com.sun.tools.javac.util.ArrayUtils.ensureCapacity([Ljava/lang/Object;I)[Ljava/lang/Object; @ 39
Event: 881.698 Thread 0x000000005e853800 Uncommon trap: reason=bimorphic action=maybe_recompile pc=0x0000000004bd6794 method=com.sun.tools.javac.code.Types$SameTypeVisitor.visitType(Lcom/sun/tools/javac/code/Type;Lcom/sun/tools/javac/code/Type;)Ljava/lang/Boolean; @ 31
Event: 881.698 Thread 0x000000005e853800 Uncommon trap: reason=bimorphic action=maybe_recompile pc=0x0000000004bd6794 method=com.sun.tools.javac.code.Types$SameTypeVisitor.visitType(Lcom/sun/tools/javac/code/Type;Lcom/sun/tools/javac/code/Type;)Ljava/lang/Boolean; @ 31
Event: 883.958 Thread 0x000000005e853000 Uncommon trap: reason=unstable_if action=reinterpret pc=0x0000000003fe18a4 method=java.util.concurrent.ConcurrentLinkedQueue.offer(Ljava/lang/Object;)Z @ 91
Event: 883.984 Thread 0x000000005e852000 Uncommon trap: reason=unstable_if action=reinterpret pc=0x0000000003025164 method=java.util.concurrent.ConcurrentLinkedQueue.offer(Ljava/lang/Object;)Z @ 72
Event: 884.160 Thread 0x000000005e853000 Uncommon trap: reason=speculate_class_check action=maybe_recompile pc=0x0000000005ad53f4 method=java.nio.charset.CharsetEncoder.reset()Ljava/nio/charset/CharsetEncoder; @ 1

Classes redefined (0 events):
No events

Internal exceptions (10 events):
Event: 129.375 Thread 0x0000000059c6b800 Exception <a 'java/lang/NoSuchMethodError': <clinit>> (0x00000000f75d7680) thrown at [D:\src\AOSP-openjdk-cygwin\jdk8u\hotspot\src\share\vm\prims\jni.cpp, line 1613]
Event: 129.376 Thread 0x0000000059c6b800 Exception <a 'java/lang/NoSuchMethodError': <clinit>> (0x00000000f75e80d0) thrown at [D:\src\AOSP-openjdk-cygwin\jdk8u\hotspot\src\share\vm\prims\jni.cpp, line 1613]
Event: 872.786 Thread 0x000000005d078800 Implicit null exception at 0x000000000589f7dd to 0x00000000058a4f71
Event: 873.428 Thread 0x000000005d078800 Exception <a 'sun/nio/fs/WindowsException'> (0x00000000e0f2ddd0) thrown at [D:\src\AOSP-openjdk-cygwin\jdk8u\hotspot\src\share\vm\prims\jni.cpp, line 709]
Event: 873.434 Thread 0x000000005d078800 Exception <a 'sun/nio/fs/WindowsException'> (0x00000000e0fb8e90) thrown at [D:\src\AOSP-openjdk-cygwin\jdk8u\hotspot\src\share\vm\prims\jni.cpp, line 709]
Event: 873.585 Thread 0x000000005d078800 Exception <a 'java/lang/reflect/InvocationTargetException'> (0x00000000e14b4348) thrown at [D:\src\AOSP-openjdk-cygwin\jdk8u\hotspot\src\share\vm\runtime\reflection.cpp, line 1092]
Event: 873.585 Thread 0x000000005d078800 Exception <a 'java/lang/reflect/InvocationTargetException'> (0x00000000e14b8f08) thrown at [D:\src\AOSP-openjdk-cygwin\jdk8u\hotspot\src\share\vm\runtime\reflection.cpp, line 1092]
Event: 873.586 Thread 0x000000005d078800 Exception <a 'java/lang/reflect/InvocationTargetException'> (0x00000000e14bb800) thrown at [D:\src\AOSP-openjdk-cygwin\jdk8u\hotspot\src\share\vm\runtime\reflection.cpp, line 1092]
Event: 874.061 Thread 0x000000005d078800 Implicit null exception at 0x000000000594bba2 to 0x000000000594cef0
Event: 878.710 Thread 0x000000005e853800 Implicit null exception at 0x00000000044ca478 to 0x00000000044cac29

Events (10 events):
Event: 883.984 Thread 0x000000005e852000 Uncommon trap: trap_request=0xffffff65 fr.pc=0x0000000003025164
Event: 883.984 Thread 0x000000005e852000 DEOPT PACKING pc=0x0000000003025164 sp=0x0000000066afd7e0
Event: 883.984 Thread 0x000000005e852000 DEOPT UNPACKING pc=0x000000000283557b sp=0x0000000066afd760 mode 2
Event: 884.049 Executing VM operation: RevokeBias
Event: 884.049 Executing VM operation: RevokeBias done
Event: 884.062 Executing VM operation: RevokeBias
Event: 884.062 Executing VM operation: RevokeBias done
Event: 884.160 Thread 0x000000005e853000 Uncommon trap: trap_request=0xffffff76 fr.pc=0x0000000005ad53f4
Event: 884.160 Thread 0x000000005e853000 DEOPT PACKING pc=0x0000000005ad53f4 sp=0x0000000063fcbec0
Event: 884.160 Thread 0x000000005e853000 DEOPT UNPACKING pc=0x000000000283557b sp=0x0000000063fcbe18 mode 2


Dynamic libraries:
0x000000013f270000 - 0x000000013f2a1000 	D:\Android\Android Studio\jre\bin\java.exe
0x0000000077bf0000 - 0x0000000077d9a000 	C:\Windows\SYSTEM32\ntdll.dll
0x0000000077ad0000 - 0x0000000077bef000 	C:\Windows\system32\kernel32.dll
0x000007fefde20000 - 0x000007fefde8a000 	C:\Windows\system32\KERNELBASE.dll
0x000007feffd90000 - 0x000007feffe6b000 	C:\Windows\system32\ADVAPI32.dll
0x000007fefe820000 - 0x000007fefe8bf000 	C:\Windows\system32\msvcrt.dll
0x000007fefdf10000 - 0x000007fefdf2f000 	C:\Windows\SYSTEM32\sechost.dll
0x000007fefeb00000 - 0x000007fefec2d000 	C:\Windows\system32\RPCRT4.dll
0x00000000779d0000 - 0x0000000077aca000 	C:\Windows\system32\USER32.dll
0x000007fefe3a0000 - 0x000007fefe407000 	C:\Windows\system32\GDI32.dll
0x000007feffef0000 - 0x000007feffefe000 	C:\Windows\system32\LPK.dll
0x000007fefe460000 - 0x000007fefe52a000 	C:\Windows\system32\USP10.dll
0x000007fefc360000 - 0x000007fefc554000 	C:\Windows\WinSxS\amd64_microsoft.windows.common-controls_6595b64144ccf1df_6.0.7601.17514_none_fa396087175ac9ac\COMCTL32.dll
0x000007fefe5f0000 - 0x000007fefe661000 	C:\Windows\system32\SHLWAPI.dll
0x000007fefeef0000 - 0x000007fefef1e000 	C:\Windows\system32\IMM32.DLL
0x000007fefe670000 - 0x000007fefe779000 	C:\Windows\system32\MSCTF.dll
0x0000000070bc0000 - 0x0000000070c92000 	D:\Android\Android Studio\jre\jre\bin\msvcr100.dll
0x000000006cbb0000 - 0x000000006d3f1000 	D:\Android\Android Studio\jre\jre\bin\server\jvm.dll
0x000007fef8420000 - 0x000007fef8429000 	C:\Windows\system32\WSOCK32.dll
0x000007fefe410000 - 0x000007fefe45d000 	C:\Windows\system32\WS2_32.dll
0x000007fefec30000 - 0x000007fefec38000 	C:\Windows\system32\NSI.dll
0x000007fefb750000 - 0x000007fefb78b000 	C:\Windows\system32\WINMM.dll
0x000007fefc9f0000 - 0x000007fefc9fc000 	C:\Windows\system32\VERSION.dll
0x0000000077dc0000 - 0x0000000077dc7000 	C:\Windows\system32\PSAPI.DLL
0x000007fef7d40000 - 0x000007fef7d4f000 	D:\Android\Android Studio\jre\jre\bin\verify.dll
0x000007fef77d0000 - 0x000007fef77f9000 	D:\Android\Android Studio\jre\jre\bin\java.dll
0x000007fef77b0000 - 0x000007fef77c6000 	D:\Android\Android Studio\jre\jre\bin\zip.dll
0x000007fefef20000 - 0x000007feffca8000 	C:\Windows\system32\SHELL32.dll
0x000007fefdf30000 - 0x000007fefe133000 	C:\Windows\system32\ole32.dll
0x000007fefdb00000 - 0x000007fefdb0f000 	C:\Windows\system32\profapi.dll
0x000007fef4590000 - 0x000007fef45aa000 	D:\Android\Android Studio\jre\jre\bin\net.dll
0x000007fefd370000 - 0x000007fefd3c5000 	C:\Windows\system32\mswsock.dll
0x000007fefd360000 - 0x000007fefd367000 	C:\Windows\System32\wship6.dll
0x000007fef1910000 - 0x000007fef1921000 	D:\Android\Android Studio\jre\jre\bin\nio.dll
0x000007feece10000 - 0x000007feece2e000 	C:\Users\vrajesh.EXCHANGE\.gradle\native\25\windows-amd64\native-platform.dll
0x000007fef7d30000 - 0x000007fef7d3d000 	D:\Android\Android Studio\jre\jre\bin\management.dll
0x000007fefd3d0000 - 0x000007fefd3e7000 	C:\Windows\system32\CRYPTSP.dll
0x000007fefd0d0000 - 0x000007fefd117000 	C:\Windows\system32\rsaenh.dll
0x000007fefce70000 - 0x000007fefce8e000 	C:\Windows\system32\USERENV.dll
0x000007fefda30000 - 0x000007fefda3f000 	C:\Windows\system32\CRYPTBASE.dll
0x000007fefb5e0000 - 0x000007fefb607000 	C:\Windows\system32\IPHLPAPI.DLL
0x000007fefc0f0000 - 0x000007fefc0fb000 	C:\Windows\system32\WINNSI.DLL
0x000007fefb4a0000 - 0x000007fefb4b1000 	C:\Windows\system32\dhcpcsvc6.DLL
0x000007fefb480000 - 0x000007fefb498000 	C:\Windows\system32\dhcpcsvc.DLL
0x000007fefd9d0000 - 0x000007fefda27000 	C:\Windows\system32\apphelp.dll

VM Arguments:
jvm_args: -Xmx1536m -Dfile.encoding=windows-1252 -Duser.country=US -Duser.language=en -Duser.variant 
java_command: org.gradle.launcher.daemon.bootstrap.GradleDaemon 5.1.1
java_class_path (initial): C:\Users\vrajesh.EXCHANGE\.gradle\wrapper\dists\gradle-5.1.1-all\97z1ksx6lirer3kbvdnh7jtjg\gradle-5.1.1\lib\gradle-launcher-5.1.1.jar
Launcher Type: SUN_STANDARD

Environment Variables:
JAVA_HOME=C:\Program Files\Java\jdk1.8.0_152
CLASSPATH=.;
PATH=C:\Program Files (x86)\Common Files\Oracle\Java\javapath;C:\Program Files (x86)\NVIDIA Corporation\PhysX\Common;C:\Python27\;C:\Python27\Scripts;C:\Windows\system32;C:\Windows;C:\Windows\System32\Wbem;C:\Windows\System32\WindowsPowerShell\v1.0\;C:\ProgramData\chocolatey\bin;C:\Program Files\nodejs\;C:\Program Files\Java\jdk1.8.0_152\bin;C:\Windows\system32\config\systemprofile\.dnx\bin;C:\Program Files\Microsoft DNX\Dnvm\;C:\Program Files\Microsoft SQL Server\130\Tools\Binn\;C:\Program Files\TortoiseSVN\bin;C:\Program Files\Git\cmd
USERNAME=vrajesh
OS=Windows_NT
PROCESSOR_IDENTIFIER=Intel64 Family 6 Model 58 Stepping 9, GenuineIntel



---------------  S Y S T E M  ---------------

OS: Windows 7 , 64 bit Build 7601 (6.1.7601.23677)

CPU:total 4 (initial active 4) (2 cores per cpu, 2 threads per core) family 6 model 58 stepping 9, cmov, cx8, fxsr, mmx, sse, sse2, sse3, ssse3, sse4.1, sse4.2, popcnt, avx, clmul, erms, ht, tsc, tscinvbit, tscinv

Memory: 4k page, physical 8356196k(1933512k free), swap 16710532k(10151988k free)

vm_info: OpenJDK 64-Bit Server VM (25.152-b01) for windows-amd64 JRE (1.8.0_152-release-1343-b01), built by "builder" with MS VC++ 10.0 (VS2010)

time: Mon Sep 23 12:52:37 2019
elapsed time: 884 seconds (0d 0h 14m 44s)

